<?xml version="1.0" encoding="UTF-8"?>
<!-- Generated by org.testng.reporters.JUnitXMLReporter -->
<testsuite hostname="LAPTOP-NCEIQM2B" ignored="3" name="Back Office User Functionality in Firefox" tests="2" failures="1" timestamp="04 Oct 2018 08:46:07 GMT" time="0.343" errors="0">
  <testcase name="@BeforeSuite startTest" time="0.0" classname="BrowserSettings.BrowserSettings">
    <failure type="org.testng.TestNGException" message="
Parameter &amp;apos;browser&amp;apos; is required by BeforeSuite on method startTest but has not been marked @Optional or defined
in C:\IlonaQA_Kyivstar_mWallet\Automation_mWallet\mwallet\testng.xml">
      <![CDATA[org.testng.TestNGException: 
Parameter 'browser' is required by BeforeSuite on method startTest but has not been marked @Optional or defined
in C:\IlonaQA_Kyivstar_mWallet\Automation_mWallet\mwallet\testng.xml
... Removed 16 stack frames]]>
    </failure>
  </testcase> <!-- @BeforeSuite startTest -->
  <testcase name="verifyLogIn" time="0.0" classname="Tests.Smoke.Myprofilehelp.TestMyProfile">
    <skipped/>
  </testcase> <!-- verifyLogIn -->
  <testcase name="verifyLogIn" time="0.318" classname="Tests.Smoke.Myprofilehelp.TestMyProfile">
    <failure type="java.lang.NullPointerException">
      <![CDATA[java.lang.NullPointerException
at Utilities.Listeners.TestListener.onTestSkipped(TestListener.java:72)
at java.util.concurrent.FutureTask.run(FutureTask.java:266)
at java.util.concurrent.ThreadPoolExecutor.runWorker(ThreadPoolExecutor.java:1149)
at java.util.concurrent.ThreadPoolExecutor$Worker.run(ThreadPoolExecutor.java:624)
at java.lang.Thread.run(Thread.java:748)
... Removed 14 stack frames]]>
    </failure>
  </testcase> <!-- verifyLogIn -->
  <testcase name="verifyThatPasswordIsNotChangedIfNewPasswordIsAsPreviousOne" time="0.0" classname="Tests.Smoke.Myprofilehelp.TestMyProfile">
    <ignored/>
  </testcase> <!-- verifyThatPasswordIsNotChangedIfNewPasswordIsAsPreviousOne -->
  <testcase name="verifyAbilityToChangePassword" time="0.0" classname="Tests.Smoke.Myprofilehelp.TestMyProfile">
    <ignored/>
  </testcase> <!-- verifyAbilityToChangePassword -->
  <testcase name="verifyThatPasswordIsNotChangedIfOldPasswordIsInvalid" time="0.0" classname="Tests.Smoke.Myprofilehelp.TestMyProfile">
    <ignored/>
  </testcase> <!-- verifyThatPasswordIsNotChangedIfOldPasswordIsInvalid -->
</testsuite> <!-- Back Office User Functionality in Firefox -->
