<?xml version="1.0" encoding="UTF-8"?>
<!-- Generated by org.testng.reporters.JUnitXMLReporter -->
<testsuite hostname="LAPTOP-NCEIQM2B" ignored="7" name="Back Office User Functionality" tests="12" failures="0" timestamp="03 Oct 2018 11:17:31 GMT" time="113.751" errors="0">
  <testcase name="verifyLogIn" time="7.067" classname="Tests.Smoke.Myprofilehelp.TestMyProfile"/>
  <testcase name="verifyAbilityToEditAllAccountDetails" time="4.093" classname="Tests.Smoke.Myprofilehelp.TestMyProfile"/>
  <testcase name="verifyAbilityToREEditAllAccountDetails" time="1.174" classname="Tests.Smoke.Myprofilehelp.TestMyProfile"/>
  <testcase name="merchantCreation" time="78.556" classname="Tests.Smoke.Merchants.TestMerchantCreation"/>
  <testcase name="verifyThatBothSourceAndDestinationCannotBeMerchant" time="1.31" classname="Tests.Smoke.EmoneyManagement.TestAdminTransfer"/>
  <testcase name="verifyThatSourceAndDestinationCannotBeEqual" time="0.631" classname="Tests.Smoke.EmoneyManagement.TestAdminTransfer"/>
  <testcase name="verifyThatAdminTransferCanBeApproved" time="5.173" classname="Tests.Smoke.EmoneyManagement.TestAdminTransfer"/>
  <testcase name="verifySuccessfulConfirmationOfAdminReverse" time="4.505" classname="Tests.Smoke.EmoneyManagement.TestAdminReverse"/>
  <testcase name="verifyThatConfirmedAdminReverseCantBeReversedAgain" time="1.152" classname="Tests.Smoke.EmoneyManagement.TestAdminReverse"/>
  <testcase name="verifySuccessfulRejectionOfAdminReverse" time="4.024" classname="Tests.Smoke.EmoneyManagement.TestAdminReverse"/>
  <testcase name="verifyThatRejectedReverseCanBeReversedAndConfirmedAgain" time="4.325" classname="Tests.Smoke.EmoneyManagement.TestAdminReverse"/>
  <testcase name="verifySuccessfullCreationOfRetirementWithExactAmount" time="1.714" classname="Tests.Smoke.EmoneyManagement.TestManualRetirement"/>
  <testcase name="verifyThatPasswordIsNotChangedIfNewPasswordIsAsPreviousOne" time="0.0" classname="Tests.Smoke.Myprofilehelp.TestMyProfile">
    <ignored/>
  </testcase> <!-- verifyThatPasswordIsNotChangedIfNewPasswordIsAsPreviousOne -->
  <testcase name="@BeforeSuite startTest" time="0.0" classname="BrowserSettings.BrowserSettings">
    <ignored/>
  </testcase> <!-- @BeforeSuite startTest -->
  <testcase name="@BeforeSuite startTest" time="0.0" classname="BrowserSettings.BrowserSettings">
    <ignored/>
  </testcase> <!-- @BeforeSuite startTest -->
  <testcase name="@BeforeSuite startTest" time="0.0" classname="BrowserSettings.BrowserSettings">
    <ignored/>
  </testcase> <!-- @BeforeSuite startTest -->
  <testcase name="@BeforeSuite startTest" time="0.0" classname="BrowserSettings.BrowserSettings">
    <ignored/>
  </testcase> <!-- @BeforeSuite startTest -->
  <testcase name="verifyAbilityToChangePassword" time="0.0" classname="Tests.Smoke.Myprofilehelp.TestMyProfile">
    <ignored/>
  </testcase> <!-- verifyAbilityToChangePassword -->
  <testcase name="verifyThatPasswordIsNotChangedIfOldPasswordIsInvalid" time="0.0" classname="Tests.Smoke.Myprofilehelp.TestMyProfile">
    <ignored/>
  </testcase> <!-- verifyThatPasswordIsNotChangedIfOldPasswordIsInvalid -->
</testsuite> <!-- Back Office User Functionality -->
