<?xml version="1.0" encoding="UTF-8"?>
<!-- Generated by org.testng.reporters.JUnitXMLReporter -->
<testsuite hostname="LAPTOP-NCEIQM2B" ignored="4" name="Back Office User Functionality in Chrome" tests="2" failures="0" timestamp="04 Oct 2018 14:53:59 GMT" time="19.184" errors="0">
  <testcase name="verifyLogIn" time="11.29" classname="Tests.Smoke.Myprofilehelp.TestMyProfile"/>
  <testcase name="verifyCreationOfP2PPrepaidService" time="7.875" classname="Tests.Smoke.Services.TestServiceBulkCreation"/>
  <testcase name="verifyThatPasswordIsNotChangedIfNewPasswordIsAsPreviousOne" time="0.0" classname="Tests.Smoke.Myprofilehelp.TestMyProfile">
    <ignored/>
  </testcase> <!-- verifyThatPasswordIsNotChangedIfNewPasswordIsAsPreviousOne -->
  <testcase name="@BeforeSuite startTest" time="0.0" classname="BrowserSettings.BrowserSettings">
    <ignored/>
  </testcase> <!-- @BeforeSuite startTest -->
  <testcase name="verifyAbilityToChangePassword" time="0.0" classname="Tests.Smoke.Myprofilehelp.TestMyProfile">
    <ignored/>
  </testcase> <!-- verifyAbilityToChangePassword -->
  <testcase name="verifyThatPasswordIsNotChangedIfOldPasswordIsInvalid" time="0.0" classname="Tests.Smoke.Myprofilehelp.TestMyProfile">
    <ignored/>
  </testcase> <!-- verifyThatPasswordIsNotChangedIfOldPasswordIsInvalid -->
</testsuite> <!-- Back Office User Functionality in Chrome -->
