<?xml version="1.0" encoding="UTF-8"?>
<!-- Generated by org.testng.reporters.JUnitXMLReporter -->
<testsuite hostname="LAPTOP-NCEIQM2B" ignored="7" name="Back Office User Functionality" tests="10" failures="0" timestamp="01 Oct 2018 08:30:17 GMT" time="39.432" errors="0">
  <testcase name="verifyLogIn" time="8.825" classname="Tests.Smoke.Myprofilehelp.TestMyProfile"/>
  <testcase name="verifyAbilityToEditAllAccountDetails" time="4.506" classname="Tests.Smoke.Myprofilehelp.TestMyProfile"/>
  <testcase name="verifyThatBothSourceAndDestinationCannotBeMerchant" time="1.442" classname="Tests.Smoke.EmoneyManagement.TestAdminTransfer"/>
  <testcase name="verifyThatSourceAndDestinationCannotBeEqual" time="0.667" classname="Tests.Smoke.EmoneyManagement.TestAdminTransfer"/>
  <testcase name="verifyThatAdminTransferCanBeApproved" time="6.04" classname="Tests.Smoke.EmoneyManagement.TestAdminTransfer"/>
  <testcase name="verifySuccessfulConfirmationOfAdminReverse" time="5.096" classname="Tests.Smoke.EmoneyManagement.TestAdminReverse"/>
  <testcase name="verifyThatConfirmedAdminReverseCantBeReversedAgain" time="1.77" classname="Tests.Smoke.EmoneyManagement.TestAdminReverse"/>
  <testcase name="verifySuccessfulRejectionOfAdminReverse" time="4.965" classname="Tests.Smoke.EmoneyManagement.TestAdminReverse"/>
  <testcase name="verifyThatRejectedReverseCanBeReversedAndConfirmedAgain" time="4.286" classname="Tests.Smoke.EmoneyManagement.TestAdminReverse"/>
  <testcase name="verifySuccessfullCreationOfRetirementWithExactAmount" time="1.802" classname="Tests.Smoke.EmoneyManagement.TestManualRetirement"/>
  <testcase name="verifyAbilityToREEditAllAccountDetails" time="0.0" classname="Tests.Smoke.Myprofilehelp.TestMyProfile">
    <ignored/>
  </testcase> <!-- verifyAbilityToREEditAllAccountDetails -->
  <testcase name="verifyThatPasswordIsNotChangedIfNewPasswordIsAsPreviousOne" time="0.0" classname="Tests.Smoke.Myprofilehelp.TestMyProfile">
    <ignored/>
  </testcase> <!-- verifyThatPasswordIsNotChangedIfNewPasswordIsAsPreviousOne -->
  <testcase name="verifyAbilityToChangePassword" time="0.0" classname="Tests.Smoke.Myprofilehelp.TestMyProfile">
    <ignored/>
  </testcase> <!-- verifyAbilityToChangePassword -->
  <testcase name="@BeforeSuite setBrowser" time="0.0" classname="BrowserSettings.BrowserSettings">
    <ignored/>
  </testcase> <!-- @BeforeSuite setBrowser -->
  <testcase name="@BeforeSuite setBrowser" time="0.0" classname="BrowserSettings.BrowserSettings">
    <ignored/>
  </testcase> <!-- @BeforeSuite setBrowser -->
  <testcase name="@BeforeSuite setBrowser" time="0.0" classname="BrowserSettings.BrowserSettings">
    <ignored/>
  </testcase> <!-- @BeforeSuite setBrowser -->
  <testcase name="verifyThatPasswordIsNotChangedIfOldPasswordIsInvalid" time="0.0" classname="Tests.Smoke.Myprofilehelp.TestMyProfile">
    <ignored/>
  </testcase> <!-- verifyThatPasswordIsNotChangedIfOldPasswordIsInvalid -->
</testsuite> <!-- Back Office User Functionality -->
