<?xml version="1.0" encoding="UTF-8"?>
<!-- Generated by org.testng.reporters.JUnitXMLReporter -->
<testsuite hostname="LAPTOP-NCEIQM2B" name="mwallet" tests="1" failures="1" timestamp="2 Oct 2018 12:14:40 GMT" time="17.77" errors="0">
  <testcase name="@AfterMethod getReport" time="0.0" classname="Tests.Smoke.Myprofilehelp.TestMyProfile">
    <failure type="java.lang.NullPointerException">
      <![CDATA[java.lang.NullPointerException
	at BrowserSettings.BrowserSettings.getReport(BrowserSettings.java:50)
... Removed 25 stack frames]]>
    </failure>
  </testcase> <!-- @AfterMethod getReport -->
  <testcase name="@AfterTest endReport" time="0.0" classname="Tests.Smoke.Myprofilehelp.TestMyProfile">
    <skipped/>
  </testcase> <!-- @AfterTest endReport -->
  <testcase name="verifyLogIn" time="17.379" classname="Tests.Smoke.Myprofilehelp.TestMyProfile">
    <failure type="java.lang.NullPointerException">
      <![CDATA[java.lang.NullPointerException
	at Tests.Smoke.Myprofilehelp.TestMyProfile.verifyLogIn(TestMyProfile.java:31)
... Removed 23 stack frames]]>
    </failure>
  </testcase> <!-- verifyLogIn -->
</testsuite> <!-- mwallet -->
